<?xml version="1.0" encoding="UTF-8"?>
<!-- Generated by org.testng.reporters.JUnitXMLReporter -->
<testsuite ignored="0" hostname="LAPTOP-C50CP82R" failures="0" tests="5" name="Default test" time="0.451" errors="0" timestamp="2023-10-20T02:05:50 EDT">
  <testcase classname="Pkg_Extent.NewTest" name="test1" time="0.016"/>
  <testcase classname="Pkg_Extent.NewTest" name="test2" time="0.002"/>
  <testcase classname="Pkg_Extent.NewTest" name="test3" time="0.001"/>
  <testcase classname="Pkg_Extent.NewTest" name="test4" time="0.001"/>
  <testcase classname="Pkg_Extent.NewTest" name="test5" time="0.002"/>
</testsuite> <!-- Default test -->
